0 info it worked if it ends with ok
1 verbose cli [ '/Users/eric/.nvm/versions/node/v4.4.3/bin/node',
1 verbose cli   '/Users/eric/.nvm/versions/node/v4.4.3/bin/npm',
1 verbose cli   'publish' ]
2 info using npm@2.15.1
3 info using node@v4.4.3
4 verbose publish [ '.' ]
5 silly cache add args [ '.', null ]
6 verbose cache add spec .
7 silly cache add parsed spec Result {
7 silly cache add   raw: '.',
7 silly cache add   scope: null,
7 silly cache add   name: null,
7 silly cache add   rawSpec: '.',
7 silly cache add   spec: '/Users/eric/projects/simple-react-webpack-static-plugin',
7 silly cache add   type: 'directory' }
8 verbose addLocalDirectory /Users/eric/.npm/simple-react-webpack-static-plugin/1.0.6/package.tgz not in flight; packing
9 verbose correctMkdir /Users/eric/.npm correctMkdir not in flight; initializing
10 verbose tar pack [ '/Users/eric/.npm/simple-react-webpack-static-plugin/1.0.6/package.tgz',
10 verbose tar pack   '/Users/eric/projects/simple-react-webpack-static-plugin' ]
11 verbose tarball /Users/eric/.npm/simple-react-webpack-static-plugin/1.0.6/package.tgz
12 verbose folder /Users/eric/projects/simple-react-webpack-static-plugin
13 info prepublish simple-react-webpack-static-plugin@1.0.6
14 verbose addLocalTarball adding from inside cache /Users/eric/.npm/simple-react-webpack-static-plugin/1.0.6/package.tgz
15 verbose correctMkdir /Users/eric/.npm correctMkdir not in flight; initializing
16 silly cache afterAdd simple-react-webpack-static-plugin@1.0.6
17 verbose afterAdd /Users/eric/.npm/simple-react-webpack-static-plugin/1.0.6/package/package.json not in flight; writing
18 verbose correctMkdir /Users/eric/.npm correctMkdir not in flight; initializing
19 verbose afterAdd /Users/eric/.npm/simple-react-webpack-static-plugin/1.0.6/package/package.json written
20 silly publish { name: 'simple-react-webpack-static-plugin',
20 silly publish   version: '1.0.6',
20 silly publish   description: 'This plugin creates an HTML file with static markup from each JSX entry-point in a webpack config. It expects you have written your application to use ES-2015.',
20 silly publish   main: 'index.js',
20 silly publish   scripts: { test: 'ava ./tests --verbose' },
20 silly publish   keywords: [ 'react', 'webpack', 'es6', 'static' ],
20 silly publish   author: { name: 'info@standardpixel.com' },
20 silly publish   license: 'ISC',
20 silly publish   ava: { babel: { presets: [Object] } },
20 silly publish   bugs: { url: 'https://github.com/standardpixel/simple-react-webpack-static-plugin/issues' },
20 silly publish   dependencies:
20 silly publish    { 'babel-preset-es2015': '^6.6.0',
20 silly publish      'babel-register': '^6.8.0',
20 silly publish      handlebars: '^4.0.5',
20 silly publish      'lodash.merge': '^4.3.5',
20 silly publish      react: '^15.0.2',
20 silly publish      'react-dom': '^15.0.2' },
20 silly publish   devDependencies:
20 silly publish    { ava: '^0.15.2',
20 silly publish      'babel-core': '^6.9.1',
20 silly publish      'babel-loader': '^6.2.4',
20 silly publish      webpack: '^1.13.1' },
20 silly publish   readme: '# simple-react-webpack-static-plugin\n\n[![Build Status](https://travis-ci.org/standardpixel/simple-react-webpack-static-plugin.svg?branch=master)](https://travis-ci.org/standardpixel/simple-react-webpack-static-plugin)\n\nThis plugin creates an HTML file with static markup from each JSX entry-point in a webpack config. It expects you have written your application to use ES-2015.\n\n## Example Usage\n\n_webpack.config.js_\n```\nvar SimpleReactWebpackStaticPlugin = require(\'simple-react-webpack-static-plugin\');\n\nmodule.exports = {\n  entry: {\n    index: \'./path/to.jsx\'\n  },\n\n  plugins: [\n    new SimpleReactWebpackStaticPlugin({\n      "default": {\n        "title": "The title for your website"\n      },\n    })\n  ]\n};\n```\n\n## Interface\n  * SimpleReactWebpackStaticPlugin Arguments\n    * **pages** (object) _Required_ [Configuration for page templates, contains keys matching the names of each entry point in your webpack config and a default]\n      * **default** (object) _Required_ [Mustache template variables]\n        * **title** (string) _Required for default template_ [Page title]\n  * **options** (object) _Optional_\n    **template** (string) _Optional_ [An override mustache template]\n    **ignore-extensions** (array) _Optional_ [File extensions for NodeJs to ignore when reading your modules. This is useful if you are using webpack loaders to load non-javascript files]\n',
20 silly publish   readmeFilename: 'README.md',
20 silly publish   gitHead: '48ec448983082aadcad8d59f1a47fd492e09c1ce',
20 silly publish   _id: 'simple-react-webpack-static-plugin@1.0.6',
20 silly publish   _shasum: '5e31d1d762970735685392d2538f1895488c1e53',
20 silly publish   _from: '.' }
21 verbose getPublishConfig undefined
22 silly mapToRegistry name simple-react-webpack-static-plugin
23 silly mapToRegistry using default registry
24 silly mapToRegistry registry https://registry.npmjs.org/
25 silly mapToRegistry data Result {
25 silly mapToRegistry   raw: 'simple-react-webpack-static-plugin',
25 silly mapToRegistry   scope: null,
25 silly mapToRegistry   name: 'simple-react-webpack-static-plugin',
25 silly mapToRegistry   rawSpec: '',
25 silly mapToRegistry   spec: 'latest',
25 silly mapToRegistry   type: 'tag' }
26 silly mapToRegistry uri https://registry.npmjs.org/simple-react-webpack-static-plugin
27 verbose publish registryBase https://registry.npmjs.org/
28 silly publish uploading /Users/eric/.npm/simple-react-webpack-static-plugin/1.0.6/package.tgz
29 verbose request uri https://registry.npmjs.org/simple-react-webpack-static-plugin
30 verbose request sending authorization for write operation
31 info attempt registry request try #1 at 7:55:54 AM
32 verbose request using bearer token for auth
33 verbose request id 5aa757db04fc801a
34 http request PUT https://registry.npmjs.org/simple-react-webpack-static-plugin
35 http 403 https://registry.npmjs.org/simple-react-webpack-static-plugin
36 verbose headers { 'content-type': 'application/json',
36 verbose headers   'cache-control': 'max-age=300',
36 verbose headers   'content-length': '95',
36 verbose headers   'accept-ranges': 'bytes',
36 verbose headers   date: 'Mon, 17 Oct 2016 14:55:51 GMT',
36 verbose headers   via: '1.1 varnish',
36 verbose headers   connection: 'keep-alive',
36 verbose headers   'x-served-by': 'cache-sea1923-SEA',
36 verbose headers   'x-cache': 'MISS',
36 verbose headers   'x-cache-hits': '0',
36 verbose headers   'x-timer': 'S1476716151.805102,VS0,VE125',
36 verbose headers   vary: 'Accept-Encoding' }
37 verbose request invalidating /Users/eric/.npm/registry.npmjs.org/simple-react-webpack-static-plugin on PUT
38 error publish Failed PUT 403
39 verbose stack Error: "You cannot publish over the previously published version 1.0.6." : simple-react-webpack-static-plugin
39 verbose stack     at makeError (/Users/eric/.nvm/versions/node/v4.4.3/lib/node_modules/npm/node_modules/npm-registry-client/lib/request.js:264:12)
39 verbose stack     at CachingRegistryClient.<anonymous> (/Users/eric/.nvm/versions/node/v4.4.3/lib/node_modules/npm/node_modules/npm-registry-client/lib/request.js:252:14)
39 verbose stack     at Request._callback (/Users/eric/.nvm/versions/node/v4.4.3/lib/node_modules/npm/node_modules/npm-registry-client/lib/request.js:172:14)
39 verbose stack     at Request.self.callback (/Users/eric/.nvm/versions/node/v4.4.3/lib/node_modules/npm/node_modules/request/request.js:199:22)
39 verbose stack     at emitTwo (events.js:87:13)
39 verbose stack     at Request.emit (events.js:172:7)
39 verbose stack     at Request.<anonymous> (/Users/eric/.nvm/versions/node/v4.4.3/lib/node_modules/npm/node_modules/request/request.js:1036:10)
39 verbose stack     at emitOne (events.js:82:20)
39 verbose stack     at Request.emit (events.js:169:7)
39 verbose stack     at IncomingMessage.<anonymous> (/Users/eric/.nvm/versions/node/v4.4.3/lib/node_modules/npm/node_modules/request/request.js:963:12)
40 verbose statusCode 403
41 verbose pkgid simple-react-webpack-static-plugin
42 verbose cwd /Users/eric/projects/simple-react-webpack-static-plugin
43 error Darwin 16.0.0
44 error argv "/Users/eric/.nvm/versions/node/v4.4.3/bin/node" "/Users/eric/.nvm/versions/node/v4.4.3/bin/npm" "publish"
45 error node v4.4.3
46 error npm  v2.15.1
47 error code E403
48 error "You cannot publish over the previously published version 1.0.6." : simple-react-webpack-static-plugin
49 error If you need help, you may report this error at:
49 error     <https://github.com/npm/npm/issues>
50 verbose exit [ 1, true ]
